[07-May-2026 10:53:37 Asia/Kolkata] 🔥 Push notification trigger started
[07-May-2026 10:53:37 Asia/Kolkata] Title: Medication miss mat karo
[07-May-2026 10:53:37 Asia/Kolkata] Body: Health Dial yaad dila raha hai 💊
[07-May-2026 10:53:37 Asia/Kolkata] Token count: 2025
[26-May-2026 17:07:08 Asia/Kolkata] 🔥 Push notification trigger started
[26-May-2026 17:07:08 Asia/Kolkata] Title: Health Dial
[26-May-2026 17:07:08 Asia/Kolkata] Body: Sehat Ki Nayi Pehchaan
[26-May-2026 17:07:08 Asia/Kolkata] Token count: 3093
[31-May-2026 17:10:11 Asia/Kolkata] 🔥 Push notification trigger started
[31-May-2026 17:10:11 Asia/Kolkata] Title: Better Health, Better Life
[31-May-2026 17:10:11 Asia/Kolkata] Body: Health Dial abhi explore karein.
[31-May-2026 17:10:11 Asia/Kolkata] Token count: 3216
[02-Jun-2026 15:25:03 Asia/Kolkata] 🔥 Push notification trigger started
[02-Jun-2026 15:25:03 Asia/Kolkata] Title: Unlock Health Dial Now
[02-Jun-2026 15:25:03 Asia/Kolkata] Body: Free with your health Dial plan
[02-Jun-2026 15:25:03 Asia/Kolkata] Token count: 3275
[02-Jun-2026 15:27:03 Asia/Kolkata] 🔥 Push notification trigger started
[02-Jun-2026 15:27:03 Asia/Kolkata] Title: Unlock Health Dial Now
[02-Jun-2026 15:27:03 Asia/Kolkata] Body: Free with your health Dial plan
[02-Jun-2026 15:27:03 Asia/Kolkata] Token count: 3275
[03-Jun-2026 02:42:35 Asia/Kolkata] 🔥 Push notification trigger started
[03-Jun-2026 02:42:35 Asia/Kolkata] Title: Unlock Health Dial Now
[03-Jun-2026 02:42:35 Asia/Kolkata] Body: Free with your health Dial plan
[03-Jun-2026 02:42:35 Asia/Kolkata] Token count: 3296
[08-Jun-2026 03:32:27 Asia/Kolkata] 🔥 Push notification trigger started
[08-Jun-2026 03:32:27 Asia/Kolkata] Title: test
[08-Jun-2026 03:32:27 Asia/Kolkata] Body: Test
[08-Jun-2026 03:32:27 Asia/Kolkata] Token count: 2778
[08-Jun-2026 03:34:28 Asia/Kolkata] PHP Fatal error:  Maximum execution time of 120 seconds exceeded in C:\projects\HealthDial\healthdialBackendUpdated\public_html\HealthDial\push_helper.php on line 95
[08-Jun-2026 03:51:05 Asia/Kolkata] 🔥 Push notification trigger started
[08-Jun-2026 03:51:05 Asia/Kolkata] Title: test 2
[08-Jun-2026 03:51:05 Asia/Kolkata] Body: Test 2
[08-Jun-2026 03:51:05 Asia/Kolkata] Token count: 2778
[08-Jun-2026 03:51:35 Asia/Kolkata] ✅ Push complete: 2778 sent, 0 failed, 0 tokens cleaned
[08-Jun-2026 03:51:35 Asia/Kolkata] [VAPID] No web push subscriptions found
[08-Jun-2026 04:08:19 Asia/Kolkata] 🔥 Push notification trigger started
[08-Jun-2026 04:08:19 Asia/Kolkata] Title: local test
[08-Jun-2026 04:08:19 Asia/Kolkata] Body: test localhost
[08-Jun-2026 04:08:19 Asia/Kolkata] Token count: 2778
[08-Jun-2026 04:08:51 Asia/Kolkata] ✅ Push complete: 2778 sent, 0 failed, 0 tokens cleaned
[08-Jun-2026 04:08:52 Asia/Kolkata] [VAPID] Web push complete: 1 sent, 0 failed, 0 cleaned
